Using pre-set license
Built from '2020.3/china_unity/release' branch; Version is '2020.3.30f1c1 (b9cd9c36b8f8) revision 12176796'; Using compiler version '192528614'; Build Type 'Release'
OS: 'Windows 10  (10.0.19042) 64bit Enterprise' Language: 'zh' Physical Memory: 16343 MB
BatchMode: 1, IsHumanControllingUs: 0, StartBugReporterOnCrash: 0, Is64bit: 1, IsPro: 0

COMMAND LINE ARGUMENTS:
C:\Program Files\Unity\Hub\Editor\2020.3.30f1c1\Editor\Unity.exe
-adb2
-batchMode
-noUpm
-name
AssetImportWorker0
-projectPath
D:/Unity/KPT2
-logFile
Logs/AssetImportWorker0.log
-srvPort
63971
Successfully changed project path to: D:/Unity/KPT2
D:/Unity/KPT2
Using Asset Import Pipeline V2.
AS: AutoStreaming module initializing.Refreshing native plugins compatible for Editor in 45.61 ms, found 2 plugins.
Preloading 0 native plugins for Editor in 0.00 ms.
Initialize engine version: 2020.3.30f1c1 (b9cd9c36b8f8)
[Subsystems] Discovering subsystems at path C:/Program Files/Unity/Hub/Editor/2020.3.30f1c1/Editor/Data/Resources/UnitySubsystems
[Subsystems] Discovering subsystems at path D:/Unity/KPT2/Assets
GfxDevice: creating device client; threaded=0
Direct3D:
    Version:  Direct3D 11.0 [level 11.1]
    Renderer: NVIDIA GeForce GTX 1050 (ID=0x1c81)
    Vendor:   
    VRAM:     1977 MB
    Driver:   30.0.14.9729
Initialize mono
Mono path[0] = 'C:/Program Files/Unity/Hub/Editor/2020.3.30f1c1/Editor/Data/Managed'
Mono path[1] = 'C:/Program Files/Unity/Hub/Editor/2020.3.30f1c1/Editor/Data/MonoBleedingEdge/lib/mono/unityjit'
Mono config path = 'C:/Program Files/Unity/Hub/Editor/2020.3.30f1c1/Editor/Data/MonoBleedingEdge/etc'
Using monoOptions --debugger-agent=transport=dt_socket,embedding=1,server=y,suspend=n,address=127.0.0.1:56808
Begin MonoManager ReloadAssembly
Registering precompiled unity dll's ...
Register platform support module: C:/Program Files/Unity/Hub/Editor/2020.3.30f1c1/Editor/Data/PlaybackEngines/WindowsStandaloneSupport/UnityEditor.WindowsStandalone.Extensions.dll
Registered in 0.002570 seconds.
Native extension for WindowsStandalone target not found
Refreshing native plugins compatible for Editor in 46.86 ms, found 2 plugins.
Preloading 0 native plugins for Editor in 0.00 ms.
Mono: successfully reloaded assembly
- Completed reload, in  0.565 seconds
Domain Reload Profiling:
	ReloadAssembly (565ms)
		BeginReloadAssembly (74ms)
			ExecutionOrderSort (0ms)
			DisableScriptedObjects (0ms)
			BackupInstance (0ms)
			ReleaseScriptingObjects (0ms)
			CreateAndSetChildDomain (1ms)
		EndReloadAssembly (422ms)
			LoadAssemblies (75ms)
			RebuildTransferFunctionScriptingTraits (0ms)
			SetupTypeCache (147ms)
			ReleaseScriptCaches (0ms)
			RebuildScriptCaches (26ms)
			SetupLoadedEditorAssemblies (157ms)
				LogAssemblyErrors (0ms)
				InitializePlatformSupportModulesInManaged (4ms)
				SetLoadedEditorAssemblies (0ms)
				RefreshPlugins (47ms)
				BeforeProcessingInitializeOnLoad (13ms)
				ProcessInitializeOnLoadAttributes (68ms)
				ProcessInitializeOnLoadMethodAttributes (24ms)
				AfterProcessingInitializeOnLoad (0ms)
				EditorAssembliesLoaded (0ms)
			ExecutionOrderSort2 (0ms)
			AwakeInstancesAfterBackupRestoration (0ms)
Platform modules already initialized, skipping
Registering precompiled user dll's ...
Registered in 0.003130 seconds.
Begin MonoManager ReloadAssembly
Native extension for WindowsStandalone target not found
Refreshing native plugins compatible for Editor in 73.54 ms, found 2 plugins.
Preloading 0 native plugins for Editor in 0.00 ms.
Mono: successfully reloaded assembly
- Completed reload, in  1.104 seconds
Domain Reload Profiling:
	ReloadAssembly (1105ms)
		BeginReloadAssembly (200ms)
			ExecutionOrderSort (0ms)
			DisableScriptedObjects (4ms)
			BackupInstance (0ms)
			ReleaseScriptingObjects (0ms)
			CreateAndSetChildDomain (32ms)
		EndReloadAssembly (857ms)
			LoadAssemblies (157ms)
			RebuildTransferFunctionScriptingTraits (0ms)
			SetupTypeCache (273ms)
			ReleaseScriptCaches (0ms)
			RebuildScriptCaches (42ms)
			SetupLoadedEditorAssemblies (332ms)
				LogAssemblyErrors (0ms)
				InitializePlatformSupportModulesInManaged (3ms)
				SetLoadedEditorAssemblies (0ms)
				RefreshPlugins (74ms)
				BeforeProcessingInitializeOnLoad (79ms)
				ProcessInitializeOnLoadAttributes (166ms)
				ProcessInitializeOnLoadMethodAttributes (8ms)
				AfterProcessingInitializeOnLoad (2ms)
				EditorAssembliesLoaded (0ms)
			ExecutionOrderSort2 (0ms)
			AwakeInstancesAfterBackupRestoration (5ms)
Platform modules already initialized, skipping
========================================================================
Worker process is ready to serve import requests
Launched and connected shader compiler UnityShaderCompiler.exe after 0.05 seconds
Refreshing native plugins compatible for Editor in 0.54 ms, found 2 plugins.
Preloading 0 native plugins for Editor in 0.00 ms.
Unloading 2810 Unused Serialized files (Serialized files now loaded: 0)
System memory in use before: 126.5 MB.
System memory in use after: 126.7 MB.

Unloading 17 unused Assets to reduce memory usage. Loaded Objects now: 3246.
Total: 3.295500 ms (FindLiveObjects: 0.243800 ms CreateObjectMapping: 0.137900 ms MarkObjects: 2.837900 ms  DeleteObjects: 0.074800 ms)

AssetImportParameters requested are different than current active one (requested -> active):
  custom:framework-win-MediaFoundation: 216162199b28c13a410421893ffa2e32 -> 
  custom:video-decoder-ogg-theora: a1e56fd34408186e4bbccfd4996cb3dc -> 
  custom:container-muxer-webm: aa71ff27fc2769a1b78a27578f13a17b -> 
  custom:container-demuxer-webm: 4f35f7cbe854078d1ac9338744f61a02 -> 
  custom:container-demuxer-ogg: 62fdf1f143b41e24485cea50d1cbac27 -> 
  custom:video-encoder-webm-vp8: eb34c28f22e8b96e1ab97ce403110664 -> 
  custom:video-decoder-webm-vp8: 9c59270c3fd7afecdb556c50c9e8de78 -> 
  custom:audio-decoder-ogg-vorbis: bf7c407c2cedff20999df2af8eb42d56 -> 
  custom:audio-encoder-webm-vorbis: bf7c407c2cedff20999df2af8eb42d56 -> 
========================================================================
Received Import Request.
  path: Assets
  artifactKey: Guid(00000000000000001000000000000000) Importer(815301076,1909f56bfc062723c751e8b465ee728b)
Start importing Assets using Guid(00000000000000001000000000000000) Importer(815301076,1909f56bfc062723c751e8b465ee728b)  -> (artifact id: '42d402b061de3733987d63b9cc3b64de') in 0.006519 seconds 
========================================================================
Received Import Request.
  Time since last request: 7.167045 seconds.
  path: Assets/New Shader Graph.shadergraph
  artifactKey: Guid(15e4014fab9845d4583dcb0dcf4ca40a) Importer(815301076,1909f56bfc062723c751e8b465ee728b)
Start importing Assets/New Shader Graph.shadergraph using Guid(15e4014fab9845d4583dcb0dcf4ca40a) Importer(815301076,1909f56bfc062723c751e8b465ee728b)  -> (artifact id: 'c77e9b873d63cc28bfb70e583836bcbf') in 0.034429 seconds 
========================================================================
Received Import Request.
  Time since last request: 6.930844 seconds.
  path: Assets/Shader
  artifactKey: Guid(17af788d76fcf544f8cd97ef70ba020f) Importer(815301076,1909f56bfc062723c751e8b465ee728b)
Start importing Assets/Shader using Guid(17af788d76fcf544f8cd97ef70ba020f) Importer(815301076,1909f56bfc062723c751e8b465ee728b)  -> (artifact id: '0351b6f6e3d254fdb801c7761db84d7a') in 0.003485 seconds 
========================================================================
Received Import Request.
  Time since last request: 253.071969 seconds.
  path: Assets/Shader/Slime.shadergraph
  artifactKey: Guid(15e4014fab9845d4583dcb0dcf4ca40a) Importer(815301076,1909f56bfc062723c751e8b465ee728b)
Start importing Assets/Shader/Slime.shadergraph using Guid(15e4014fab9845d4583dcb0dcf4ca40a) Importer(815301076,1909f56bfc062723c751e8b465ee728b)  -> (artifact id: '3e3f1663dde0204a490127c4e835b105') in 0.004118 seconds 
========================================================================
Received Import Request.
  Time since last request: 176.110296 seconds.
  path: Assets/Shader/Slime.shadergraph
  artifactKey: Guid(15e4014fab9845d4583dcb0dcf4ca40a) Importer(815301076,1909f56bfc062723c751e8b465ee728b)
Start importing Assets/Shader/Slime.shadergraph using Guid(15e4014fab9845d4583dcb0dcf4ca40a) Importer(815301076,1909f56bfc062723c751e8b465ee728b)  -> (artifact id: '8f1c58551100176d5f8d3b6af215362f') in 0.003531 seconds 
========================================================================
Received Import Request.
  Time since last request: 61.066175 seconds.
  path: Assets/Shader/Slime.shadergraph
  artifactKey: Guid(15e4014fab9845d4583dcb0dcf4ca40a) Importer(815301076,1909f56bfc062723c751e8b465ee728b)
Start importing Assets/Shader/Slime.shadergraph using Guid(15e4014fab9845d4583dcb0dcf4ca40a) Importer(815301076,1909f56bfc062723c751e8b465ee728b)  -> (artifact id: 'f73c4a8142082a93845464caa2918735') in 0.003289 seconds 
========================================================================
Received Import Request.
  Time since last request: 44.199509 seconds.
  path: Assets/Shader/Slime.shadergraph
  artifactKey: Guid(15e4014fab9845d4583dcb0dcf4ca40a) Importer(815301076,1909f56bfc062723c751e8b465ee728b)
Start importing Assets/Shader/Slime.shadergraph using Guid(15e4014fab9845d4583dcb0dcf4ca40a) Importer(815301076,1909f56bfc062723c751e8b465ee728b)  -> (artifact id: 'a2240f83dec5a22661a51fed5746aff1') in 0.003436 seconds 
========================================================================
Received Import Request.
  Time since last request: 69.967308 seconds.
  path: Assets/Shader/Slime.shadergraph
  artifactKey: Guid(15e4014fab9845d4583dcb0dcf4ca40a) Importer(815301076,1909f56bfc062723c751e8b465ee728b)
Start importing Assets/Shader/Slime.shadergraph using Guid(15e4014fab9845d4583dcb0dcf4ca40a) Importer(815301076,1909f56bfc062723c751e8b465ee728b)  -> (artifact id: 'b1e41def502730fbf2b7e13e7fbed1dd') in 0.003636 seconds 
========================================================================
Received Import Request.
  Time since last request: 220.689792 seconds.
  path: Assets/Shader/Slime.shadergraph
  artifactKey: Guid(15e4014fab9845d4583dcb0dcf4ca40a) Importer(815301076,1909f56bfc062723c751e8b465ee728b)
Start importing Assets/Shader/Slime.shadergraph using Guid(15e4014fab9845d4583dcb0dcf4ca40a) Importer(815301076,1909f56bfc062723c751e8b465ee728b)  -> (artifact id: '6beacc6547c4ef93673509a0dc18785c') in 0.004113 seconds 
========================================================================
Received Import Request.
  Time since last request: 34.309671 seconds.
  path: Assets/Shader/Slime.shadergraph
  artifactKey: Guid(15e4014fab9845d4583dcb0dcf4ca40a) Importer(815301076,1909f56bfc062723c751e8b465ee728b)
Start importing Assets/Shader/Slime.shadergraph using Guid(15e4014fab9845d4583dcb0dcf4ca40a) Importer(815301076,1909f56bfc062723c751e8b465ee728b)  -> (artifact id: '85a499bb123f4dedead2e6d560ac77d5') in 0.003598 seconds 
========================================================================
Received Import Request.
  Time since last request: 6.123036 seconds.
  path: Assets/Shader/Slime.shadergraph
  artifactKey: Guid(15e4014fab9845d4583dcb0dcf4ca40a) Importer(815301076,1909f56bfc062723c751e8b465ee728b)
Start importing Assets/Shader/Slime.shadergraph using Guid(15e4014fab9845d4583dcb0dcf4ca40a) Importer(815301076,1909f56bfc062723c751e8b465ee728b)  -> (artifact id: '06ec2e1fbfab1f671eb68772307b5187') in 0.004564 seconds 
========================================================================
Received Import Request.
  Time since last request: 124.339519 seconds.
  path: Assets/Shader/Slime.shadergraph
  artifactKey: Guid(15e4014fab9845d4583dcb0dcf4ca40a) Importer(815301076,1909f56bfc062723c751e8b465ee728b)
Start importing Assets/Shader/Slime.shadergraph using Guid(15e4014fab9845d4583dcb0dcf4ca40a) Importer(815301076,1909f56bfc062723c751e8b465ee728b)  -> (artifact id: '315a3aa09a6ffe64c69ac506d054e5c7') in 0.003645 seconds 
========================================================================
Received Import Request.
  Time since last request: 81.270548 seconds.
  path: Assets/Shader/Slime.shadergraph
  artifactKey: Guid(15e4014fab9845d4583dcb0dcf4ca40a) Importer(815301076,1909f56bfc062723c751e8b465ee728b)
Start importing Assets/Shader/Slime.shadergraph using Guid(15e4014fab9845d4583dcb0dcf4ca40a) Importer(815301076,1909f56bfc062723c751e8b465ee728b)  -> (artifact id: 'c7d65b81d1129e7ac1f1e83966d09d73') in 0.003362 seconds 
========================================================================
Received Import Request.
  Time since last request: 34.756749 seconds.
  path: Assets/Shader/Slime.shadergraph
  artifactKey: Guid(15e4014fab9845d4583dcb0dcf4ca40a) Importer(815301076,1909f56bfc062723c751e8b465ee728b)
Start importing Assets/Shader/Slime.shadergraph using Guid(15e4014fab9845d4583dcb0dcf4ca40a) Importer(815301076,1909f56bfc062723c751e8b465ee728b)  -> (artifact id: '46cb463fc8fe93ec20e80ad3ac1866ea') in 0.003816 seconds 
========================================================================
Received Import Request.
  Time since last request: 16.857372 seconds.
  path: Assets/Shader/Slime.shadergraph
  artifactKey: Guid(15e4014fab9845d4583dcb0dcf4ca40a) Importer(815301076,1909f56bfc062723c751e8b465ee728b)
Start importing Assets/Shader/Slime.shadergraph using Guid(15e4014fab9845d4583dcb0dcf4ca40a) Importer(815301076,1909f56bfc062723c751e8b465ee728b)  -> (artifact id: 'acbf10141d9d676668714a19aa6a0b76') in 0.003756 seconds 
========================================================================
Received Import Request.
  Time since last request: 26678.803186 seconds.
  path: Assets/Shader/Slime.shadergraph
  artifactKey: Guid(15e4014fab9845d4583dcb0dcf4ca40a) Importer(815301076,1909f56bfc062723c751e8b465ee728b)
Start importing Assets/Shader/Slime.shadergraph using Guid(15e4014fab9845d4583dcb0dcf4ca40a) Importer(815301076,1909f56bfc062723c751e8b465ee728b)  -> (artifact id: '0894785a244b6c9460677bca3bf6e93f') in 0.045686 seconds 
AssetImportWorkerClient::OnTransportError - code=2 error=End of file
